Using pre-set license
Built from '2020.3/staging' branch; Version is '2020.3.6f1 (338bb68529b2) revision 3378102'; Using compiler version '192528614'; Build Type 'Release'
OS: 'Windows 10 Home; OS build 19044.1645; Version 2009; 64bit' Language: 'ko' Physical Memory: 16305 MB
BatchMode: 1, IsHumanControllingUs: 0, StartBugReporterOnCrash: 0, Is64bit: 1, IsPro: 0

 COMMAND LINE ARGUMENTS:
C:\Program Files\Unity\Hub\Editor\2020.3.6f1\Editor\Unity.exe
-adb2
-batchMode
-noUpm
-name
AssetImportWorker0
-projectPath
D:/Project_Folder/Unity/MMORPG_Framework
-logFile
Logs/AssetImportWorker0.log
-srvPort
50786
Successfully changed project path to: D:/Project_Folder/Unity/MMORPG_Framework
D:/Project_Folder/Unity/MMORPG_Framework
Using Asset Import Pipeline V2.
Refreshing native plugins compatible for Editor in 26.42 ms, found 0 plugins.
Preloading 0 native plugins for Editor in 0.00 ms.
Initialize engine version: 2020.3.6f1 (338bb68529b2)
[Subsystems] Discovering subsystems at path C:/Program Files/Unity/Hub/Editor/2020.3.6f1/Editor/Data/Resources/UnitySubsystems
[Subsystems] Discovering subsystems at path D:/Project_Folder/Unity/MMORPG_Framework/Assets
GfxDevice: creating device client; threaded=0
Direct3D:
    Version:  Direct3D 11.0 [level 11.1]
    Renderer: NVIDIA GeForce RTX 2070 Super with Max-Q Design (ID=0x1ed1)
    Vendor:   
    VRAM:     8012 MB
    Driver:   30.0.15.1179
Initialize mono
Mono path[0] = 'C:/Program Files/Unity/Hub/Editor/2020.3.6f1/Editor/Data/Managed'
Mono path[1] = 'C:/Program Files/Unity/Hub/Editor/2020.3.6f1/Editor/Data/MonoBleedingEdge/lib/mono/unityjit'
Mono config path = 'C:/Program Files/Unity/Hub/Editor/2020.3.6f1/Editor/Data/MonoBleedingEdge/etc'
Using monoOptions --debugger-agent=transport=dt_socket,embedding=1,server=y,suspend=n,address=127.0.0.1:56796
Begin MonoManager ReloadAssembly
Registering precompiled unity dll's ...
Register platform support module: C:/Program Files/Unity/Hub/Editor/2020.3.6f1/Editor/Data/PlaybackEngines/WindowsStandaloneSupport/UnityEditor.WindowsStandalone.Extensions.dll
Registered in 0.005751 seconds.
Native extension for WindowsStandalone target not found
Refreshing native plugins compatible for Editor in 21.29 ms, found 0 plugins.
Preloading 0 native plugins for Editor in 0.00 ms.
Mono: successfully reloaded assembly
- Completed reload, in  2.166 seconds
Platform modules already initialized, skipping
Registering precompiled user dll's ...
Registered in 0.000726 seconds.
Begin MonoManager ReloadAssembly
Native extension for WindowsStandalone target not found
Refreshing native plugins compatible for Editor in 0.22 ms, found 0 plugins.
Preloading 0 native plugins for Editor in 0.00 ms.
Mono: successfully reloaded assembly
- Completed reload, in  0.871 seconds
Platform modules already initialized, skipping
========================================================================
Worker process is ready to serve import requests
Launched and connected shader compiler UnityShaderCompiler.exe after 0.04 seconds
Refreshing native plugins compatible for Editor in 0.23 ms, found 0 plugins.
Preloading 0 native plugins for Editor in 0.00 ms.
Unloading 1129 Unused Serialized files (Serialized files now loaded: 0)
System memory in use before: 62.6 MB.
System memory in use after: 62.6 MB.

Unloading 10 unused Assets to reduce memory usage. Loaded Objects now: 1575.
Total: 1.641900 ms (FindLiveObjects: 0.236600 ms CreateObjectMapping: 0.063100 ms MarkObjects: 1.263200 ms  DeleteObjects: 0.078100 ms)

========================================================================
Received Import Request.
  path: Assets/Scripts/Mananger/InputManager.cs
  artifactKey: Guid(7dbfa454d48af2149816cf0d3d1b48a5) Importer(815301076,1909f56bfc062723c751e8b465ee728b)
Start importing Assets/Scripts/Mananger/InputManager.cs using Guid(7dbfa454d48af2149816cf0d3d1b48a5) Importer(815301076,1909f56bfc062723c751e8b465ee728b)  -> (artifact id: 'ca8b7ce9bc3e0ec199ab26f2985e0e01') in 0.025790 seconds
  Import took 0.083367 seconds .

========================================================================
Received Prepare
Registering precompiled user dll's ...
Registered in 0.000674 seconds.
Begin MonoManager ReloadAssembly
Native extension for WindowsStandalone target not found
Refreshing native plugins compatible for Editor in 0.21 ms, found 0 plugins.
Preloading 0 native plugins for Editor in 0.00 ms.
Mono: successfully reloaded assembly
- Completed reload, in  0.771 seconds
Platform modules already initialized, skipping
Refreshing native plugins compatible for Editor in 0.22 ms, found 0 plugins.
Preloading 0 native plugins for Editor in 0.00 ms.
Unloading 1113 Unused Serialized files (Serialized files now loaded: 0)
System memory in use before: 61.4 MB.
System memory in use after: 61.5 MB.

Unloading 5 unused Assets to reduce memory usage. Loaded Objects now: 1578.
Total: 1.604400 ms (FindLiveObjects: 0.133500 ms CreateObjectMapping: 0.036600 ms MarkObjects: 1.382800 ms  DeleteObjects: 0.050500 ms)

========================================================================
Received Import Request.
  Time since last request: 39.497113 seconds.
  path: Assets/Scripts/Mananger/InputManager.cs
  artifactKey: Guid(7dbfa454d48af2149816cf0d3d1b48a5) Importer(815301076,1909f56bfc062723c751e8b465ee728b)
Start importing Assets/Scripts/Mananger/InputManager.cs using Guid(7dbfa454d48af2149816cf0d3d1b48a5) Importer(815301076,1909f56bfc062723c751e8b465ee728b)  -> (artifact id: 'e12f7bb9c817e5c2267c381e7efe5355') in 0.002871 seconds
  Import took 0.004498 seconds .

========================================================================
Received Import Request.
  Time since last request: 748.907556 seconds.
  path: Assets/Scripts/Mananger/InputManager.cs
  artifactKey: Guid(7dbfa454d48af2149816cf0d3d1b48a5) Importer(815301076,1909f56bfc062723c751e8b465ee728b)
Start importing Assets/Scripts/Mananger/InputManager.cs using Guid(7dbfa454d48af2149816cf0d3d1b48a5) Importer(815301076,1909f56bfc062723c751e8b465ee728b)  -> (artifact id: '7176149d59fbf0542e5ab1c33a271a53') in 0.001415 seconds
  Import took 0.053466 seconds .

AssetImportWorkerClient::OnTransportError - code=2 error=End of file
