Using pre-set license
Built from '2020.3/staging' branch; Version is '2020.3.6f1 (338bb68529b2) revision 3378102'; Using compiler version '192528614'; Build Type 'Release'
OS: 'Windows 10 Home; OS build 19044.1645; Version 2009; 64bit' Language: 'ko' Physical Memory: 16305 MB
BatchMode: 1, IsHumanControllingUs: 0, StartBugReporterOnCrash: 0, Is64bit: 1, IsPro: 0

 COMMAND LINE ARGUMENTS:
D:\ProjecT\Unity\Hub\Editor\2020.3.6f1\Editor\Unity.exe
-adb2
-batchMode
-noUpm
-name
AssetImportWorker0
-projectPath
D:/ProjecT/Project_Folder/Unity/MMO
-logFile
Logs/AssetImportWorker0.log
-srvPort
56300
Successfully changed project path to: D:/ProjecT/Project_Folder/Unity/MMO
D:/ProjecT/Project_Folder/Unity/MMO
Using Asset Import Pipeline V2.
Refreshing native plugins compatible for Editor in 26.05 ms, found 0 plugins.
Preloading 0 native plugins for Editor in 0.00 ms.
Initialize engine version: 2020.3.6f1 (338bb68529b2)
[Subsystems] Discovering subsystems at path D:/ProjecT/Unity/Hub/Editor/2020.3.6f1/Editor/Data/Resources/UnitySubsystems
[Subsystems] Discovering subsystems at path D:/ProjecT/Project_Folder/Unity/MMO/Assets
GfxDevice: creating device client; threaded=0
Direct3D:
    Version:  Direct3D 11.0 [level 11.1]
    Renderer: NVIDIA GeForce RTX 2070 Super with Max-Q Design (ID=0x1ed1)
    Vendor:   
    VRAM:     8012 MB
    Driver:   30.0.15.1179
Initialize mono
Mono path[0] = 'D:/ProjecT/Unity/Hub/Editor/2020.3.6f1/Editor/Data/Managed'
Mono path[1] = 'D:/ProjecT/Unity/Hub/Editor/2020.3.6f1/Editor/Data/MonoBleedingEdge/lib/mono/unityjit'
Mono config path = 'D:/ProjecT/Unity/Hub/Editor/2020.3.6f1/Editor/Data/MonoBleedingEdge/etc'
Using monoOptions --debugger-agent=transport=dt_socket,embedding=1,server=y,suspend=n,address=127.0.0.1:56004
Begin MonoManager ReloadAssembly
Registering precompiled unity dll's ...
Register platform support module: D:/ProjecT/Unity/Hub/Editor/2020.3.6f1/Editor/Data/PlaybackEngines/WindowsStandaloneSupport/UnityEditor.WindowsStandalone.Extensions.dll
Registered in 0.001144 seconds.
Native extension for WindowsStandalone target not found
Refreshing native plugins compatible for Editor in 26.56 ms, found 0 plugins.
Preloading 0 native plugins for Editor in 0.00 ms.
Mono: successfully reloaded assembly
- Completed reload, in  1.706 seconds
Platform modules already initialized, skipping
Registering precompiled user dll's ...
Registered in 0.001324 seconds.
Begin MonoManager ReloadAssembly
Native extension for WindowsStandalone target not found
Refreshing native plugins compatible for Editor in 0.25 ms, found 0 plugins.
Preloading 0 native plugins for Editor in 0.00 ms.
Mono: successfully reloaded assembly
- Completed reload, in  1.374 seconds
Platform modules already initialized, skipping
========================================================================
Worker process is ready to serve import requests
Launched and connected shader compiler UnityShaderCompiler.exe after 0.04 seconds
Refreshing native plugins compatible for Editor in 0.35 ms, found 0 plugins.
Preloading 0 native plugins for Editor in 0.00 ms.
Unloading 1516 Unused Serialized files (Serialized files now loaded: 0)
System memory in use before: 82.3 MB.
System memory in use after: 82.4 MB.

Unloading 11 unused Assets to reduce memory usage. Loaded Objects now: 1962.
Total: 1.725200 ms (FindLiveObjects: 0.237500 ms CreateObjectMapping: 0.082300 ms MarkObjects: 1.330000 ms  DeleteObjects: 0.074700 ms)

========================================================================
Received Import Request.
  path: Assets/Unity/ConstraintSamples/Scenes/2BoneIK.unity
  artifactKey: Guid(3386751cfe75d49a09170550b86eb26c) Importer(815301076,1909f56bfc062723c751e8b465ee728b)
Start importing Assets/Unity/ConstraintSamples/Scenes/2BoneIK.unity using Guid(3386751cfe75d49a09170550b86eb26c) Importer(815301076,1909f56bfc062723c751e8b465ee728b)  -> (artifact id: '542526ec9f5bc863974e3f89c7a82bff') in 0.026539 seconds
  Import took 0.029503 seconds .

========================================================================
Received Import Request.
  Time since last request: 0.000224 seconds.
  path: Assets/Unity/ConstraintSamples/Scenes/Aim.unity
  artifactKey: Guid(eb016a2ff712f4c6ba46768ba922dc4f) Importer(815301076,1909f56bfc062723c751e8b465ee728b)
Start importing Assets/Unity/ConstraintSamples/Scenes/Aim.unity using Guid(eb016a2ff712f4c6ba46768ba922dc4f) Importer(815301076,1909f56bfc062723c751e8b465ee728b)  -> (artifact id: '0259f89021bf806b4dabeeab698e4e71') in 0.001398 seconds
  Import took 0.003173 seconds .

========================================================================
Received Import Request.
  Time since last request: 0.000301 seconds.
  path: Assets/Unity/ConstraintSamples/Scenes/Blend.unity
  artifactKey: Guid(ea5e8de8748244d97a8d24d105f983c4) Importer(815301076,1909f56bfc062723c751e8b465ee728b)
Start importing Assets/Unity/ConstraintSamples/Scenes/Blend.unity using Guid(ea5e8de8748244d97a8d24d105f983c4) Importer(815301076,1909f56bfc062723c751e8b465ee728b)  -> (artifact id: 'cf7b73ea6b8d5e484a8cc56ef455d6b2') in 0.014392 seconds
  Import took 0.016289 seconds .

========================================================================
Received Import Request.
  Time since last request: 1.903409 seconds.
  path: Assets/Unity/ConstraintSamples/Scenes/mParent.unity
  artifactKey: Guid(5383ddcfd4e544402ac694e4df94f5a2) Importer(815301076,1909f56bfc062723c751e8b465ee728b)
Start importing Assets/Unity/ConstraintSamples/Scenes/mParent.unity using Guid(5383ddcfd4e544402ac694e4df94f5a2) Importer(815301076,1909f56bfc062723c751e8b465ee728b)  -> (artifact id: '58b34ceee97f2d5c4316186fbeb112bb') in 0.001709 seconds
  Import took 0.004041 seconds .

========================================================================
Received Import Request.
  Time since last request: 0.783549 seconds.
  path: Assets/Unity/ConstraintSamples/Scenes/mPosition.unity
  artifactKey: Guid(b6c94e30e18244e55af4609bc001d1d9) Importer(815301076,1909f56bfc062723c751e8b465ee728b)
Start importing Assets/Unity/ConstraintSamples/Scenes/mPosition.unity using Guid(b6c94e30e18244e55af4609bc001d1d9) Importer(815301076,1909f56bfc062723c751e8b465ee728b)  -> (artifact id: 'aa20b72a18f67ef751347a8451dd6090') in 0.001645 seconds
  Import took 0.003922 seconds .

========================================================================
Received Import Request.
  Time since last request: 0.624991 seconds.
  path: Assets/Unity/ConstraintSamples/Scenes/mRef.unity
  artifactKey: Guid(6adcc1a0c02454fb5b23fe2739681e83) Importer(815301076,1909f56bfc062723c751e8b465ee728b)
Start importing Assets/Unity/ConstraintSamples/Scenes/mRef.unity using Guid(6adcc1a0c02454fb5b23fe2739681e83) Importer(815301076,1909f56bfc062723c751e8b465ee728b)  -> (artifact id: 'c26dcb8d8a555ada51ea40634dc9c2ac') in 0.001582 seconds
  Import took 0.003980 seconds .

========================================================================
Received Import Request.
  Time since last request: 0.740119 seconds.
  path: Assets/Unity/ConstraintSamples/Scenes/Override.unity
  artifactKey: Guid(6450e4fbb1e14411b9c3d39cc36ff04a) Importer(815301076,1909f56bfc062723c751e8b465ee728b)
Start importing Assets/Unity/ConstraintSamples/Scenes/Override.unity using Guid(6450e4fbb1e14411b9c3d39cc36ff04a) Importer(815301076,1909f56bfc062723c751e8b465ee728b)  -> (artifact id: '02f6badda4c812275f7f0366be5d7c35') in 0.006682 seconds
  Import took 0.009688 seconds .

========================================================================
Received Import Request.
  Time since last request: 1.489272 seconds.
  path: Assets/Unity/ConstraintSamples/Scenes/TwistCorrection.unity
  artifactKey: Guid(32fe6d64fd073460a96979ff47e56936) Importer(815301076,1909f56bfc062723c751e8b465ee728b)
Start importing Assets/Unity/ConstraintSamples/Scenes/TwistCorrection.unity using Guid(32fe6d64fd073460a96979ff47e56936) Importer(815301076,1909f56bfc062723c751e8b465ee728b)  -> (artifact id: 'd36db8c2eb869c0f3aafb72c8e073a4c') in 0.002132 seconds
  Import took 0.004217 seconds .

========================================================================
Received Import Request.
  Time since last request: 0.565455 seconds.
  path: Assets/Unity/ConstraintSamples/Scenes/TwistChain.unity
  artifactKey: Guid(28952fc9d5b6640369d3642328e5f396) Importer(815301076,1909f56bfc062723c751e8b465ee728b)
Start importing Assets/Unity/ConstraintSamples/Scenes/TwistChain.unity using Guid(28952fc9d5b6640369d3642328e5f396) Importer(815301076,1909f56bfc062723c751e8b465ee728b)  -> (artifact id: 'd0ca1b1636c69bd124131fb4dcaef6e0') in 0.052411 seconds
  Import took 0.054309 seconds .

========================================================================
Received Import Request.
  Time since last request: 6.440721 seconds.
  path: Assets/Unity/ConstraintSamples/Animation/Anim_ChainIk.anim
  artifactKey: Guid(cea9e7863b09e4bdbb72f6f093b92582) Importer(815301076,1909f56bfc062723c751e8b465ee728b)
Start importing Assets/Unity/ConstraintSamples/Animation/Anim_ChainIk.anim using Guid(cea9e7863b09e4bdbb72f6f093b92582) Importer(815301076,1909f56bfc062723c751e8b465ee728b)  -> (artifact id: '74c8539ec11f5158365c9fa8b51edd34') in 0.020933 seconds
  Import took 0.022901 seconds .

========================================================================
Received Import Request.
  Time since last request: 0.108546 seconds.
  path: Assets/Unity/ConstraintSamples/Animation/Anim_ChainIk.anim
  artifactKey: Guid(cea9e7863b09e4bdbb72f6f093b92582) Importer(815301076,1909f56bfc062723c751e8b465ee728b)
Start importing Assets/Unity/ConstraintSamples/Animation/Anim_ChainIk.anim using Guid(cea9e7863b09e4bdbb72f6f093b92582) Importer(815301076,1909f56bfc062723c751e8b465ee728b)  -> (artifact id: '74c8539ec11f5158365c9fa8b51edd34') in 0.007681 seconds
  Import took 0.009926 seconds .

========================================================================
Received Prepare
Registering precompiled user dll's ...
Registered in 0.001575 seconds.
Begin MonoManager ReloadAssembly
Native extension for WindowsStandalone target not found
Refreshing native plugins compatible for Editor in 0.26 ms, found 0 plugins.
Preloading 0 native plugins for Editor in 0.00 ms.
Mono: successfully reloaded assembly
- Completed reload, in  0.861 seconds
Platform modules already initialized, skipping
Refreshing native plugins compatible for Editor in 0.30 ms, found 0 plugins.
Preloading 0 native plugins for Editor in 0.00 ms.
Unloading 1495 Unused Serialized files (Serialized files now loaded: 0)
System memory in use before: 80.9 MB.
System memory in use after: 81.0 MB.

Unloading 8 unused Assets to reduce memory usage. Loaded Objects now: 1963.
Total: 1.627100 ms (FindLiveObjects: 0.162000 ms CreateObjectMapping: 0.049700 ms MarkObjects: 1.358900 ms  DeleteObjects: 0.055600 ms)

========================================================================
Received Import Request.
  Time since last request: 5.739853 seconds.
  path: Assets/Scenes
  artifactKey: Guid(98e37ae5d4a27064bac74d81a573887c) Importer(815301076,1909f56bfc062723c751e8b465ee728b)
Start importing Assets/Scenes using Guid(98e37ae5d4a27064bac74d81a573887c) Importer(815301076,1909f56bfc062723c751e8b465ee728b)  -> (artifact id: '4c8784863c2c326a2b2f66b39684afed') in 0.003366 seconds
  Import took 0.005354 seconds .

AssetImportWorkerClient::OnTransportError - code=2 error=End of file
